<?xml version="1.0" encoding="UTF-8"?>
<!-- Generated by org.testng.reporters.JUnitReportReporter -->
<testsuite hostname="DESKTOP-JN1SHAN" failures="0" tests="1" name="testNGTechArch.loginTechArch" time="8.226" errors="0" timestamp="11 Jun 2020 10:48:39 GMT" skipped="0">
  <testcase classname="testNGTechArch.loginTechArch" name="login" time="8.226"/>
</testsuite> <!-- testNGTechArch.loginTechArch -->
